{"D:\\git\\a11y-game\\src\\components\\Footer.jsx": {"path":"D:\\git\\a11y-game\\src\\components\\Footer.jsx","statementMap":{"0":{"start":{"line":2,"column":2},"end":{"line":19,"column":null}}},"fnMap":{"0":{"name":"Footer","decl":{"start":{"line":1,"column":9},"end":{"line":1,"column":18}},"loc":{"start":{"line":1,"column":18},"end":{"line":21,"column":null}},"line":1}},"branchMap":{},"s":{"0":4},"f":{"0":4},"b":{},"meta":{"lastBranch":0,"lastFunction":1,"lastStatement":1,"seen":{"f:1:9:1:18":0,"s:2:2:19:Infinity":0}}}
,"D:\\git\\a11y-game\\src\\components\\Header.jsx": {"path":"D:\\git\\a11y-game\\src\\components\\Header.jsx","statementMap":{"0":{"start":{"line":2,"column":2},"end":{"line":31,"column":null}}},"fnMap":{"0":{"name":"Header","decl":{"start":{"line":1,"column":9},"end":{"line":1,"column":16}},"loc":{"start":{"line":1,"column":53},"end":{"line":33,"column":null}},"line":1}},"branchMap":{"0":{"loc":{"start":{"line":1,"column":34},"end":{"line":1,"column":50}},"type":"default-arg","locations":[{"start":{"line":1,"column":44},"end":{"line":1,"column":50}}],"line":1},"1":{"loc":{"start":{"line":18,"column":11},"end":{"line":27,"column":null}},"type":"binary-expr","locations":[{"start":{"line":18,"column":11},"end":{"line":18,"column":null}},{"start":{"line":19,"column":12},"end":{"line":27,"column":null}}],"line":18}},"s":{"0":5},"f":{"0":5},"b":{"0":[5],"1":[5,2]},"meta":{"lastBranch":2,"lastFunction":1,"lastStatement":1,"seen":{"f:1:9:1:16":0,"b:1:44:1:50":0,"s:2:2:31:Infinity":0,"b:18:11:18:Infinity:19:12:27:Infinity":1}}}
,"D:\\git\\a11y-game\\src\\components\\SIDScreen.jsx": {"path":"D:\\git\\a11y-game\\src\\components\\SIDScreen.jsx","statementMap":{"0":{"start":{"line":4,"column":20},"end":{"line":4,"column":null}},"1":{"start":{"line":5,"column":24},"end":{"line":5,"column":null}},"2":{"start":{"line":6,"column":8},"end":{"line":6,"column":null}},"3":{"start":{"line":8,"column":2},"end":{"line":11,"column":null}},"4":{"start":{"line":10,"column":4},"end":{"line":10,"column":null}},"5":{"start":{"line":13,"column":23},"end":{"line":31,"column":null}},"6":{"start":{"line":14,"column":4},"end":{"line":14,"column":null}},"7":{"start":{"line":17,"column":23},"end":{"line":17,"column":null}},"8":{"start":{"line":19,"column":4},"end":{"line":22,"column":null}},"9":{"start":{"line":20,"column":6},"end":{"line":20,"column":null}},"10":{"start":{"line":21,"column":6},"end":{"line":21,"column":null}},"11":{"start":{"line":24,"column":4},"end":{"line":27,"column":null}},"12":{"start":{"line":25,"column":6},"end":{"line":25,"column":null}},"13":{"start":{"line":26,"column":6},"end":{"line":26,"column":null}},"14":{"start":{"line":30,"column":4},"end":{"line":30,"column":null}},"15":{"start":{"line":33,"column":23},"end":{"line":36,"column":null}},"16":{"start":{"line":34,"column":4},"end":{"line":34,"column":null}},"17":{"start":{"line":35,"column":4},"end":{"line":35,"column":null}},"18":{"start":{"line":35,"column":15},"end":{"line":35,"column":null}},"19":{"start":{"line":38,"column":2},"end":{"line":101,"column":null}}},"fnMap":{"0":{"name":"SIDScreen","decl":{"start":{"line":3,"column":9},"end":{"line":3,"column":19}},"loc":{"start":{"line":3,"column":36},"end":{"line":103,"column":null}},"line":3},"1":{"name":"(anonymous_1)","decl":{"start":{"line":8,"column":12},"end":{"line":8,"column":18}},"loc":{"start":{"line":8,"column":18},"end":{"line":11,"column":5}},"line":8},"2":{"name":"(anonymous_2)","decl":{"start":{"line":13,"column":23},"end":{"line":13,"column":24}},"loc":{"start":{"line":13,"column":30},"end":{"line":31,"column":null}},"line":13},"3":{"name":"(anonymous_3)","decl":{"start":{"line":33,"column":23},"end":{"line":33,"column":24}},"loc":{"start":{"line":33,"column":30},"end":{"line":36,"column":null}},"line":33}},"branchMap":{"0":{"loc":{"start":{"line":19,"column":4},"end":{"line":22,"column":null}},"type":"if","locations":[{"start":{"line":19,"column":4},"end":{"line":22,"column":null}},{"start":{},"end":{}}],"line":19},"1":{"loc":{"start":{"line":24,"column":4},"end":{"line":27,"column":null}},"type":"if","locations":[{"start":{"line":24,"column":4},"end":{"line":27,"column":null}},{"start":{},"end":{}}],"line":24},"2":{"loc":{"start":{"line":35,"column":4},"end":{"line":35,"column":null}},"type":"if","locations":[{"start":{"line":35,"column":4},"end":{"line":35,"column":null}},{"start":{},"end":{}}],"line":35},"3":{"loc":{"start":{"line":67,"column":22},"end":{"line":67,"column":null}},"type":"cond-expr","locations":[{"start":{"line":67,"column":30},"end":{"line":67,"column":45}},{"start":{"line":67,"column":45},"end":{"line":67,"column":null}}],"line":67},"4":{"loc":{"start":{"line":72,"column":38},"end":{"line":72,"column":null}},"type":"cond-expr","locations":[{"start":{"line":72,"column":46},"end":{"line":72,"column":60}},{"start":{"line":72,"column":60},"end":{"line":72,"column":null}}],"line":72},"5":{"loc":{"start":{"line":73,"column":34},"end":{"line":73,"column":null}},"type":"cond-expr","locations":[{"start":{"line":73,"column":42},"end":{"line":73,"column":51}},{"start":{"line":73,"column":51},"end":{"line":73,"column":null}}],"line":73},"6":{"loc":{"start":{"line":79,"column":19},"end":{"line":87,"column":null}},"type":"binary-expr","locations":[{"start":{"line":79,"column":19},"end":{"line":79,"column":null}},{"start":{"line":80,"column":20},"end":{"line":87,"column":null}}],"line":79}},"s":{"0":13,"1":13,"2":13,"3":13,"4":6,"5":13,"6":5,"7":5,"8":5,"9":1,"10":1,"11":4,"12":2,"13":2,"14":2,"15":13,"16":4,"17":4,"18":0,"19":13},"f":{"0":13,"1":6,"2":5,"3":4},"b":{"0":[1,4],"1":[2,2],"2":[0,4],"3":[3,10],"4":[3,10],"5":[3,10],"6":[13,3]},"meta":{"lastBranch":7,"lastFunction":4,"lastStatement":20,"seen":{"f:3:9:3:19":0,"s:4:20:4:Infinity":0,"s:5:24:5:Infinity":1,"s:6:8:6:Infinity":2,"s:8:2:11:Infinity":3,"f:8:12:8:18":1,"s:10:4:10:Infinity":4,"s:13:23:31:Infinity":5,"f:13:23:13:24":2,"s:14:4:14:Infinity":6,"s:17:23:17:Infinity":7,"b:19:4:22:Infinity:undefined:undefined:undefined:undefined":0,"s:19:4:22:Infinity":8,"s:20:6:20:Infinity":9,"s:21:6:21:Infinity":10,"b:24:4:27:Infinity:undefined:undefined:undefined:undefined":1,"s:24:4:27:Infinity":11,"s:25:6:25:Infinity":12,"s:26:6:26:Infinity":13,"s:30:4:30:Infinity":14,"s:33:23:36:Infinity":15,"f:33:23:33:24":3,"s:34:4:34:Infinity":16,"b:35:4:35:Infinity:undefined:undefined:undefined:undefined":2,"s:35:4:35:Infinity":17,"s:35:15:35:Infinity":18,"s:38:2:101:Infinity":19,"b:67:30:67:45:67:45:67:Infinity":3,"b:72:46:72:60:72:60:72:Infinity":4,"b:73:42:73:51:73:51:73:Infinity":5,"b:79:19:79:Infinity:80:20:87:Infinity":6}}}
,"D:\\git\\a11y-game\\src\\components\\StartScreen.jsx": {"path":"D:\\git\\a11y-game\\src\\components\\StartScreen.jsx","statementMap":{"0":{"start":{"line":5,"column":8},"end":{"line":5,"column":null}},"1":{"start":{"line":6,"column":36},"end":{"line":6,"column":null}},"2":{"start":{"line":8,"column":2},"end":{"line":11,"column":null}},"3":{"start":{"line":10,"column":4},"end":{"line":10,"column":null}},"4":{"start":{"line":13,"column":26},"end":{"line":15,"column":null}},"5":{"start":{"line":14,"column":4},"end":{"line":14,"column":null}},"6":{"start":{"line":18,"column":8},"end":{"line":18,"column":null}},"7":{"start":{"line":20,"column":4},"end":{"line":26,"column":null}},"8":{"start":{"line":28,"column":2},"end":{"line":145,"column":null}},"9":{"start":{"line":56,"column":20},"end":{"line":68,"column":null}},"10":{"start":{"line":64,"column":37},"end":{"line":64,"column":null}},"11":{"start":{"line":95,"column":37},"end":{"line":95,"column":null}},"12":{"start":{"line":111,"column":37},"end":{"line":111,"column":null}},"13":{"start":{"line":125,"column":37},"end":{"line":125,"column":null}}},"fnMap":{"0":{"name":"StartScreen","decl":{"start":{"line":4,"column":9},"end":{"line":4,"column":21}},"loc":{"start":{"line":4,"column":57},"end":{"line":147,"column":null}},"line":4},"1":{"name":"(anonymous_1)","decl":{"start":{"line":8,"column":12},"end":{"line":8,"column":18}},"loc":{"start":{"line":8,"column":18},"end":{"line":11,"column":5}},"line":8},"2":{"name":"(anonymous_2)","decl":{"start":{"line":13,"column":26},"end":{"line":13,"column":27}},"loc":{"start":{"line":13,"column":42},"end":{"line":15,"column":null}},"line":13},"3":{"name":"(anonymous_3)","decl":{"start":{"line":55,"column":53},"end":{"line":55,"column":54}},"loc":{"start":{"line":56,"column":20},"end":{"line":68,"column":null}},"line":56},"4":{"name":"(anonymous_4)","decl":{"start":{"line":64,"column":31},"end":{"line":64,"column":37}},"loc":{"start":{"line":64,"column":37},"end":{"line":64,"column":null}},"line":64},"5":{"name":"(anonymous_5)","decl":{"start":{"line":95,"column":31},"end":{"line":95,"column":37}},"loc":{"start":{"line":95,"column":37},"end":{"line":95,"column":null}},"line":95},"6":{"name":"(anonymous_6)","decl":{"start":{"line":111,"column":31},"end":{"line":111,"column":37}},"loc":{"start":{"line":111,"column":37},"end":{"line":111,"column":null}},"line":111},"7":{"name":"(anonymous_7)","decl":{"start":{"line":125,"column":31},"end":{"line":125,"column":37}},"loc":{"start":{"line":125,"column":37},"end":{"line":125,"column":null}},"line":125}},"branchMap":{"0":{"loc":{"start":{"line":21,"column":6},"end":{"line":25,"column":null}},"type":"cond-expr","locations":[{"start":{"line":22,"column":10},"end":{"line":22,"column":null}},{"start":{"line":23,"column":10},"end":{"line":25,"column":null}}],"line":21},"1":{"loc":{"start":{"line":23,"column":10},"end":{"line":25,"column":null}},"type":"cond-expr","locations":[{"start":{"line":24,"column":10},"end":{"line":24,"column":null}},{"start":{"line":25,"column":10},"end":{"line":25,"column":null}}],"line":23},"2":{"loc":{"start":{"line":60,"column":24},"end":{"line":62,"column":null}},"type":"cond-expr","locations":[{"start":{"line":61,"column":28},"end":{"line":61,"column":null}},{"start":{"line":62,"column":28},"end":{"line":62,"column":null}}],"line":60}},"s":{"0":14,"1":14,"2":14,"3":12,"4":14,"5":4,"6":14,"7":14,"8":14,"9":42,"10":2,"11":2,"12":1,"13":1},"f":{"0":14,"1":12,"2":4,"3":42,"4":2,"5":2,"6":1,"7":1},"b":{"0":[2,12],"1":[0,12],"2":[14,28]},"meta":{"lastBranch":3,"lastFunction":8,"lastStatement":14,"seen":{"f:4:9:4:21":0,"s:5:8:5:Infinity":0,"s:6:36:6:Infinity":1,"s:8:2:11:Infinity":2,"f:8:12:8:18":1,"s:10:4:10:Infinity":3,"s:13:26:15:Infinity":4,"f:13:26:13:27":2,"s:14:4:14:Infinity":5,"s:18:8:18:Infinity":6,"s:20:4:26:Infinity":7,"b:22:10:22:Infinity:23:10:25:Infinity":0,"b:24:10:24:Infinity:25:10:25:Infinity":1,"s:28:2:145:Infinity":8,"f:55:53:55:54":3,"s:56:20:68:Infinity":9,"b:61:28:61:Infinity:62:28:62:Infinity":2,"f:64:31:64:37":4,"s:64:37:64:Infinity":10,"f:95:31:95:37":5,"s:95:37:95:Infinity":11,"f:111:31:111:37":6,"s:111:37:111:Infinity":12,"f:125:31:125:37":7,"s:125:37:125:Infinity":13}}}
,"D:\\git\\a11y-game\\src\\data\\questionManager.js": {"path":"D:\\git\\a11y-game\\src\\data\\questionManager.js","statementMap":{"0":{"start":{"line":8,"column":29},"end":{"line":12,"column":1}},"1":{"start":{"line":14,"column":33},"end":{"line":18,"column":1}},"2":{"start":{"line":21,"column":20},"end":{"line":21,"column":24}},"3":{"start":{"line":30,"column":28},"end":{"line":59,"column":1}},"4":{"start":{"line":35,"column":18},"end":{"line":35,"column":20}},"5":{"start":{"line":37,"column":2},"end":{"line":51,"column":3}},"6":{"start":{"line":39,"column":6},"end":{"line":39,"column":52}},"7":{"start":{"line":40,"column":6},"end":{"line":40,"column":12}},"8":{"start":{"line":42,"column":6},"end":{"line":42,"column":52}},"9":{"start":{"line":43,"column":6},"end":{"line":43,"column":12}},"10":{"start":{"line":47,"column":21},"end":{"line":47,"column":54}},"11":{"start":{"line":48,"column":21},"end":{"line":48,"column":54}},"12":{"start":{"line":49,"column":6},"end":{"line":49,"column":41}},"13":{"start":{"line":50,"column":6},"end":{"line":50,"column":12}},"14":{"start":{"line":54,"column":2},"end":{"line":56,"column":3}},"15":{"start":{"line":55,"column":4},"end":{"line":55,"column":56}},"16":{"start":{"line":58,"column":2},"end":{"line":58,"column":19}},"17":{"start":{"line":65,"column":31},"end":{"line":80,"column":1}},"18":{"start":{"line":66,"column":2},"end":{"line":68,"column":3}},"19":{"start":{"line":67,"column":4},"end":{"line":67,"column":25}},"20":{"start":{"line":70,"column":2},"end":{"line":77,"column":4}},"21":{"start":{"line":79,"column":2},"end":{"line":79,"column":23}},"22":{"start":{"line":87,"column":38},"end":{"line":100,"column":1}},"23":{"start":{"line":88,"column":23},"end":{"line":88,"column":40}},"24":{"start":{"line":89,"column":18},"end":{"line":89,"column":20}},"25":{"start":{"line":91,"column":2},"end":{"line":97,"column":5}},"26":{"start":{"line":92,"column":4},"end":{"line":96,"column":7}},"27":{"start":{"line":93,"column":6},"end":{"line":95,"column":7}},"28":{"start":{"line":94,"column":8},"end":{"line":94,"column":31}},"29":{"start":{"line":99,"column":2},"end":{"line":99,"column":17}},"30":{"start":{"line":107,"column":37},"end":{"line":109,"column":1}},"31":{"start":{"line":108,"column":2},"end":{"line":108,"column":63}},"32":{"start":{"line":115,"column":28},"end":{"line":122,"column":1}},"33":{"start":{"line":116,"column":19},"end":{"line":116,"column":29}},"34":{"start":{"line":117,"column":2},"end":{"line":120,"column":3}},"35":{"start":{"line":117,"column":15},"end":{"line":117,"column":34}},"36":{"start":{"line":118,"column":14},"end":{"line":118,"column":49}},"37":{"start":{"line":119,"column":4},"end":{"line":119,"column":60}},"38":{"start":{"line":121,"column":2},"end":{"line":121,"column":18}},"39":{"start":{"line":128,"column":32},"end":{"line":164,"column":1}},"40":{"start":{"line":129,"column":2},"end":{"line":163,"column":4}},"41":{"start":{"line":167,"column":32},"end":{"line":167,"column":49}}},"fnMap":{"0":{"name":"(anonymous_0)","decl":{"start":{"line":30,"column":28},"end":{"line":30,"column":29}},"loc":{"start":{"line":34,"column":5},"end":{"line":59,"column":1}},"line":34},"1":{"name":"(anonymous_1)","decl":{"start":{"line":65,"column":31},"end":{"line":65,"column":32}},"loc":{"start":{"line":65,"column":37},"end":{"line":80,"column":1}},"line":65},"2":{"name":"(anonymous_2)","decl":{"start":{"line":87,"column":38},"end":{"line":87,"column":39}},"loc":{"start":{"line":87,"column":52},"end":{"line":100,"column":1}},"line":87},"3":{"name":"(anonymous_3)","decl":{"start":{"line":91,"column":38},"end":{"line":91,"column":39}},"loc":{"start":{"line":91,"column":63},"end":{"line":97,"column":3}},"line":91},"4":{"name":"(anonymous_4)","decl":{"start":{"line":92,"column":32},"end":{"line":92,"column":33}},"loc":{"start":{"line":92,"column":46},"end":{"line":96,"column":5}},"line":92},"5":{"name":"(anonymous_5)","decl":{"start":{"line":107,"column":37},"end":{"line":107,"column":38}},"loc":{"start":{"line":107,"column":50},"end":{"line":109,"column":1}},"line":107},"6":{"name":"(anonymous_6)","decl":{"start":{"line":115,"column":28},"end":{"line":115,"column":29}},"loc":{"start":{"line":115,"column":39},"end":{"line":122,"column":1}},"line":115},"7":{"name":"(anonymous_7)","decl":{"start":{"line":128,"column":32},"end":{"line":128,"column":33}},"loc":{"start":{"line":128,"column":38},"end":{"line":164,"column":1}},"line":128}},"branchMap":{"0":{"loc":{"start":{"line":32,"column":2},"end":{"line":32,"column":26}},"type":"default-arg","locations":[{"start":{"line":32,"column":16},"end":{"line":32,"column":26}}],"line":32},"1":{"loc":{"start":{"line":33,"column":2},"end":{"line":33,"column":11}},"type":"default-arg","locations":[{"start":{"line":33,"column":10},"end":{"line":33,"column":11}}],"line":33},"2":{"loc":{"start":{"line":37,"column":2},"end":{"line":51,"column":3}},"type":"switch","locations":[{"start":{"line":38,"column":4},"end":{"line":40,"column":12}},{"start":{"line":41,"column":4},"end":{"line":43,"column":12}},{"start":{"line":44,"column":4},"end":{"line":44,"column":20}},{"start":{"line":45,"column":4},"end":{"line":50,"column":12}}],"line":37},"3":{"loc":{"start":{"line":39,"column":18},"end":{"line":39,"column":51}},"type":"binary-expr","locations":[{"start":{"line":39,"column":18},"end":{"line":39,"column":45}},{"start":{"line":39,"column":49},"end":{"line":39,"column":51}}],"line":39},"4":{"loc":{"start":{"line":42,"column":18},"end":{"line":42,"column":51}},"type":"binary-expr","locations":[{"start":{"line":42,"column":18},"end":{"line":42,"column":45}},{"start":{"line":42,"column":49},"end":{"line":42,"column":51}}],"line":42},"5":{"loc":{"start":{"line":47,"column":21},"end":{"line":47,"column":54}},"type":"binary-expr","locations":[{"start":{"line":47,"column":21},"end":{"line":47,"column":48}},{"start":{"line":47,"column":52},"end":{"line":47,"column":54}}],"line":47},"6":{"loc":{"start":{"line":48,"column":21},"end":{"line":48,"column":54}},"type":"binary-expr","locations":[{"start":{"line":48,"column":21},"end":{"line":48,"column":48}},{"start":{"line":48,"column":52},"end":{"line":48,"column":54}}],"line":48},"7":{"loc":{"start":{"line":54,"column":2},"end":{"line":56,"column":3}},"type":"if","locations":[{"start":{"line":54,"column":2},"end":{"line":56,"column":3}},{"start":{},"end":{}}],"line":54},"8":{"loc":{"start":{"line":54,"column":6},"end":{"line":54,"column":43}},"type":"binary-expr","locations":[{"start":{"line":54,"column":6},"end":{"line":54,"column":15}},{"start":{"line":54,"column":19},"end":{"line":54,"column":43}}],"line":54},"9":{"loc":{"start":{"line":66,"column":2},"end":{"line":68,"column":3}},"type":"if","locations":[{"start":{"line":66,"column":2},"end":{"line":68,"column":3}},{"start":{},"end":{}}],"line":66},"10":{"loc":{"start":{"line":93,"column":6},"end":{"line":95,"column":7}},"type":"if","locations":[{"start":{"line":93,"column":6},"end":{"line":95,"column":7}},{"start":{},"end":{}}],"line":93},"11":{"loc":{"start":{"line":108,"column":9},"end":{"line":108,"column":62}},"type":"cond-expr","locations":[{"start":{"line":108,"column":29},"end":{"line":108,"column":44}},{"start":{"line":108,"column":47},"end":{"line":108,"column":62}}],"line":108}},"s":{"0":2,"1":2,"2":2,"3":2,"4":12,"5":12,"6":3,"7":3,"8":1,"9":1,"10":8,"11":8,"12":8,"13":8,"14":12,"15":3,"16":9,"17":2,"18":13,"19":11,"20":2,"21":2,"22":2,"23":4,"24":4,"25":4,"26":12,"27":144,"28":11,"29":4,"30":2,"31":4,"32":2,"33":18,"34":18,"35":18,"36":131,"37":131,"38":18,"39":2,"40":20,"41":2},"f":{"0":12,"1":13,"2":4,"3":12,"4":144,"5":4,"6":18,"7":20},"b":{"0":[12],"1":[12],"2":[3,1,8,8],"3":[3,0],"4":[1,0],"5":[8,1],"6":[8,1],"7":[3,9],"8":[12,3],"9":[11,2],"10":[11,133],"11":[2,2]},"meta":{"lastBranch":12,"lastFunction":8,"lastStatement":42,"seen":{"s:8:29:12:1":0,"s:14:33:18:1":1,"s:21:20:21:24":2,"s:30:28:59:1":3,"f:30:28:30:29":0,"b:32:16:32:26":0,"b:33:10:33:11":1,"s:35:18:35:20":4,"b:38:4:40:12:41:4:43:12:44:4:44:20:45:4:50:12":2,"s:37:2:51:3":5,"s:39:6:39:52":6,"b:39:18:39:45:39:49:39:51":3,"s:40:6:40:12":7,"s:42:6:42:52":8,"b:42:18:42:45:42:49:42:51":4,"s:43:6:43:12":9,"s:47:21:47:54":10,"b:47:21:47:48:47:52:47:54":5,"s:48:21:48:54":11,"b:48:21:48:48:48:52:48:54":6,"s:49:6:49:41":12,"s:50:6:50:12":13,"b:54:2:56:3:undefined:undefined:undefined:undefined":7,"s:54:2:56:3":14,"b:54:6:54:15:54:19:54:43":8,"s:55:4:55:56":15,"s:58:2:58:19":16,"s:65:31:80:1":17,"f:65:31:65:32":1,"b:66:2:68:3:undefined:undefined:undefined:undefined":9,"s:66:2:68:3":18,"s:67:4:67:25":19,"s:70:2:77:4":20,"s:79:2:79:23":21,"s:87:38:100:1":22,"f:87:38:87:39":2,"s:88:23:88:40":23,"s:89:18:89:20":24,"s:91:2:97:5":25,"f:91:38:91:39":3,"s:92:4:96:7":26,"f:92:32:92:33":4,"b:93:6:95:7:undefined:undefined:undefined:undefined":10,"s:93:6:95:7":27,"s:94:8:94:31":28,"s:99:2:99:17":29,"s:107:37:109:1":30,"f:107:37:107:38":5,"s:108:2:108:63":31,"b:108:29:108:44:108:47:108:62":11,"s:115:28:122:1":32,"f:115:28:115:29":6,"s:116:19:116:29":33,"s:117:2:120:3":34,"s:117:15:117:34":35,"s:118:14:118:49":36,"s:119:4:119:60":37,"s:121:2:121:18":38,"s:128:32:164:1":39,"f:128:32:128:33":7,"s:129:2:163:4":40,"s:167:32:167:49":41}}}
,"D:\\git\\a11y-game\\src\\data\\questions-wcag-2.1.js": {"path":"D:\\git\\a11y-game\\src\\data\\questions-wcag-2.1.js","statementMap":{"0":{"start":{"line":4,"column":31},"end":{"line":667,"column":1}}},"fnMap":{},"branchMap":{},"s":{"0":2},"f":{},"b":{},"meta":{"lastBranch":0,"lastFunction":0,"lastStatement":1,"seen":{"s:4:31:667:1":0}}}
,"D:\\git\\a11y-game\\src\\data\\questions-wcag-2.2.js": {"path":"D:\\git\\a11y-game\\src\\data\\questions-wcag-2.2.js","statementMap":{"0":{"start":{"line":4,"column":31},"end":{"line":146,"column":1}}},"fnMap":{},"branchMap":{},"s":{"0":2},"f":{},"b":{},"meta":{"lastBranch":0,"lastFunction":0,"lastStatement":1,"seen":{"s:4:31:146:1":0}}}
,"D:\\git\\a11y-game\\src\\utils\\leaderboard.js": {"path":"D:\\git\\a11y-game\\src\\utils\\leaderboard.js","statementMap":{"0":{"start":{"line":3,"column":24},"end":{"line":3,"column":47}},"1":{"start":{"line":5,"column":25},"end":{"line":28,"column":1}},"2":{"start":{"line":6,"column":22},"end":{"line":6,"column":38}},"3":{"start":{"line":9,"column":2},"end":{"line":18,"column":5}},"4":{"start":{"line":21,"column":2},"end":{"line":27,"column":3}},"5":{"start":{"line":22,"column":4},"end":{"line":22,"column":71}},"6":{"start":{"line":23,"column":4},"end":{"line":23,"column":16}},"7":{"start":{"line":25,"column":4},"end":{"line":25,"column":52}},"8":{"start":{"line":26,"column":4},"end":{"line":26,"column":17}},"9":{"start":{"line":30,"column":30},"end":{"line":38,"column":1}},"10":{"start":{"line":31,"column":2},"end":{"line":37,"column":3}},"11":{"start":{"line":32,"column":17},"end":{"line":32,"column":54}},"12":{"start":{"line":33,"column":4},"end":{"line":33,"column":40}},"13":{"start":{"line":35,"column":4},"end":{"line":35,"column":52}},"14":{"start":{"line":36,"column":4},"end":{"line":36,"column":14}},"15":{"start":{"line":40,"column":42},"end":{"line":53,"column":1}},"16":{"start":{"line":41,"column":20},"end":{"line":41,"column":36}},"17":{"start":{"line":42,"column":19},"end":{"line":42,"column":79}},"18":{"start":{"line":42,"column":47},"end":{"line":42,"column":78}},"19":{"start":{"line":47,"column":2},"end":{"line":52,"column":5}},"20":{"start":{"line":48,"column":4},"end":{"line":50,"column":5}},"21":{"start":{"line":49,"column":6},"end":{"line":49,"column":41}},"22":{"start":{"line":51,"column":4},"end":{"line":51,"column":45}},"23":{"start":{"line":55,"column":35},"end":{"line":63,"column":1}},"24":{"start":{"line":56,"column":22},"end":{"line":56,"column":60}},"25":{"start":{"line":57,"column":21},"end":{"line":57,"column":69}},"26":{"start":{"line":57,"column":51},"end":{"line":57,"column":68}},"27":{"start":{"line":59,"column":2},"end":{"line":59,"column":43}},"28":{"start":{"line":59,"column":31},"end":{"line":59,"column":43}},"29":{"start":{"line":62,"column":2},"end":{"line":62,"column":23}},"30":{"start":{"line":65,"column":26},"end":{"line":69,"column":1}},"31":{"start":{"line":66,"column":15},"end":{"line":66,"column":39}},"32":{"start":{"line":67,"column":15},"end":{"line":67,"column":27}},"33":{"start":{"line":68,"column":2},"end":{"line":68,"column":55}},"34":{"start":{"line":71,"column":32},"end":{"line":79,"column":1}},"35":{"start":{"line":72,"column":2},"end":{"line":78,"column":3}},"36":{"start":{"line":73,"column":4},"end":{"line":73,"column":45}},"37":{"start":{"line":74,"column":4},"end":{"line":74,"column":16}},"38":{"start":{"line":76,"column":4},"end":{"line":76,"column":53}},"39":{"start":{"line":77,"column":4},"end":{"line":77,"column":17}}},"fnMap":{"0":{"name":"(anonymous_0)","decl":{"start":{"line":5,"column":25},"end":{"line":5,"column":26}},"loc":{"start":{"line":5,"column":36},"end":{"line":28,"column":1}},"line":5},"1":{"name":"(anonymous_1)","decl":{"start":{"line":30,"column":30},"end":{"line":30,"column":31}},"loc":{"start":{"line":30,"column":36},"end":{"line":38,"column":1}},"line":30},"2":{"name":"(anonymous_2)","decl":{"start":{"line":40,"column":42},"end":{"line":40,"column":43}},"loc":{"start":{"line":40,"column":58},"end":{"line":53,"column":1}},"line":40},"3":{"name":"(anonymous_3)","decl":{"start":{"line":42,"column":36},"end":{"line":42,"column":37}},"loc":{"start":{"line":42,"column":47},"end":{"line":42,"column":78}},"line":42},"4":{"name":"(anonymous_4)","decl":{"start":{"line":47,"column":23},"end":{"line":47,"column":24}},"loc":{"start":{"line":47,"column":33},"end":{"line":52,"column":3}},"line":47},"5":{"name":"(anonymous_5)","decl":{"start":{"line":55,"column":35},"end":{"line":55,"column":36}},"loc":{"start":{"line":55,"column":56},"end":{"line":63,"column":1}},"line":55},"6":{"name":"(anonymous_6)","decl":{"start":{"line":57,"column":40},"end":{"line":57,"column":41}},"loc":{"start":{"line":57,"column":51},"end":{"line":57,"column":68}},"line":57},"7":{"name":"(anonymous_7)","decl":{"start":{"line":65,"column":26},"end":{"line":65,"column":27}},"loc":{"start":{"line":65,"column":39},"end":{"line":69,"column":1}},"line":65},"8":{"name":"(anonymous_8)","decl":{"start":{"line":71,"column":32},"end":{"line":71,"column":33}},"loc":{"start":{"line":71,"column":38},"end":{"line":79,"column":1}},"line":71}},"branchMap":{"0":{"loc":{"start":{"line":33,"column":11},"end":{"line":33,"column":39}},"type":"cond-expr","locations":[{"start":{"line":33,"column":18},"end":{"line":33,"column":34}},{"start":{"line":33,"column":37},"end":{"line":33,"column":39}}],"line":33},"1":{"loc":{"start":{"line":48,"column":4},"end":{"line":50,"column":5}},"type":"if","locations":[{"start":{"line":48,"column":4},"end":{"line":50,"column":5}},{"start":{},"end":{}}],"line":48},"2":{"loc":{"start":{"line":59,"column":2},"end":{"line":59,"column":43}},"type":"if","locations":[{"start":{"line":59,"column":2},"end":{"line":59,"column":43}},{"start":{},"end":{}}],"line":59}},"s":{"0":1,"1":1,"2":18,"3":18,"4":18,"5":18,"6":18,"7":1,"8":1,"9":1,"10":27,"11":27,"12":27,"13":1,"14":1,"15":1,"16":5,"17":5,"18":11,"19":5,"20":6,"21":5,"22":1,"23":1,"24":3,"25":3,"26":5,"27":3,"28":1,"29":2,"30":1,"31":7,"32":7,"33":7,"34":1,"35":2,"36":2,"37":2,"38":1,"39":1},"f":{"0":18,"1":27,"2":5,"3":11,"4":6,"5":3,"6":5,"7":7,"8":2},"b":{"0":[14,12],"1":[5,1],"2":[1,2]},"meta":{"lastBranch":3,"lastFunction":9,"lastStatement":40,"seen":{"s:3:24:3:47":0,"s:5:25:28:1":1,"f:5:25:5:26":0,"s:6:22:6:38":2,"s:9:2:18:5":3,"s:21:2:27:3":4,"s:22:4:22:71":5,"s:23:4:23:16":6,"s:25:4:25:52":7,"s:26:4:26:17":8,"s:30:30:38:1":9,"f:30:30:30:31":1,"s:31:2:37:3":10,"s:32:17:32:54":11,"s:33:4:33:40":12,"b:33:18:33:34:33:37:33:39":0,"s:35:4:35:52":13,"s:36:4:36:14":14,"s:40:42:53:1":15,"f:40:42:40:43":2,"s:41:20:41:36":16,"s:42:19:42:79":17,"f:42:36:42:37":3,"s:42:47:42:78":18,"s:47:2:52:5":19,"f:47:23:47:24":4,"b:48:4:50:5:undefined:undefined:undefined:undefined":1,"s:48:4:50:5":20,"s:49:6:49:41":21,"s:51:4:51:45":22,"s:55:35:63:1":23,"f:55:35:55:36":5,"s:56:22:56:60":24,"s:57:21:57:69":25,"f:57:40:57:41":6,"s:57:51:57:68":26,"b:59:2:59:43:undefined:undefined:undefined:undefined":2,"s:59:2:59:43":27,"s:59:31:59:43":28,"s:62:2:62:23":29,"s:65:26:69:1":30,"f:65:26:65:27":7,"s:66:15:66:39":31,"s:67:15:67:27":32,"s:68:2:68:55":33,"s:71:32:79:1":34,"f:71:32:71:33":8,"s:72:2:78:3":35,"s:73:4:73:45":36,"s:74:4:74:16":37,"s:76:4:76:53":38,"s:77:4:77:17":39}}}
}
